<?xml version="1.0" encoding="UTF-8"?>
<!-- Generated by org.testng.reporters.JUnitReportReporter -->
<testsuite hostname="Vivan" failures="0" tests="1" name="Selenium.Practice.FirstRun" time="10.971" errors="0" timestamp="2024-03-17T07:35:42 PDT" skipped="0">
  <testcase classname="Selenium.Practice.FirstRun" name="login" time="10.971"/>
</testsuite> <!-- Selenium.Practice.FirstRun -->
